<?xml version="1.0" encoding="UTF-8"?>
<testsuite xmlns:xsi="http://www.w3.org/2001/XMLSchema-instance" xsi:noNamespaceSchemaLocation="https://maven.apache.org/surefire/maven-surefire-plugin/xsd/surefire-test-report-3.0.xsd" version="3.0" name="UtilTest" time="0.047" tests="44" errors="0" skipped="0" failures="0">
  <properties>
[...]
</properties>
  <testcase name="fourteenDigitAmountTest" classname="UtilTest" time="0"/>
  <testcase name="nineteenDigitAmountTest" classname="UtilTest" time="0"/>
  <testcase name="nineDigitAmountWithPaisaTest" classname="UtilTest" time="0"/>
  <testcase name="twoDigitAmountTest" classname="UtilTest" time="0"/>
  <testcase name="nineteenDigitAmountWithPaisaTest" classname="UtilTest" time="0"/>
  <testcase name="threeDigitAmountWithPaisaTest" classname="UtilTest" time="0"/>
  <testcase name="twentyOneDigitAmountWithPaisaTest" classname="UtilTest" time="0"/>
  <testcase name="seventeenDigitAmountTest" classname="UtilTest" time="0"/>
  <testcase name="fourDigitAmountTest" classname="UtilTest" time="0.001"/>
  <testcase name="sevenDigitAmountTest" classname="UtilTest" time="0"/>
  <testcase name="fifteenDigitAmountTest" classname="UtilTest" time="0"/>
  <testcase name="thirteenDigitAmountWithPaisaTest" classname="UtilTest" time="0"/>
  <testcase name="twoDigitAmountWithPaisaTest" classname="UtilTest" time="0"/>
  <testcase name="moreThanTwentyOneDigitAmountTest" classname="UtilTest" time="0"/>
  <testcase name="seventeenDigitAmountWithPaisaTest" classname="UtilTest" time="0"/>
  <testcase name="twelveDigitAmountTest" classname="UtilTest" time="0"/>
  <testcase name="zeroAmountTest" classname="UtilTest" time="0.001"/>
  <testcase name="twentyOneDigitAmountTest" classname="UtilTest" time="0.001"/>
  <testcase name="nineDigitAmountTest" classname="UtilTest" time="0.001"/>
  <testcase name="sixteenDigitAmountTest" classname="UtilTest" time="0"/>
  <testcase name="fourteenDigitAmountWithPaisaTest" classname="UtilTest" time="0.003"/>
  <testcase name="sixteenDigitAmountWithPaisaTest" classname="UtilTest" time="0.006"/>
  <testcase name="fiveDigitAmountTest" classname="UtilTest" time="0"/>
  <testcase name="fifteenDigitAmountWithPaisaTest" classname="UtilTest" time="0.001"/>
  <testcase name="eightDigitAmountTest" classname="UtilTest" time="0"/>
  <testcase name="tenDigitAmountTest" classname="UtilTest" time="0"/>
  <testcase name="threeDigitAmountTest" classname="UtilTest" time="0"/>
  <testcase name="fiveDigitAmountWithPaisaTest" classname="UtilTest" time="0"/>
  <testcase name="twentyDigitAmountWithPaisaTest" classname="UtilTest" time="0"/>
  <testcase name="sixDigitAmountWithPaisaTest" classname="UtilTest" time="0"/>
  <testcase name="tenDigitAmountWithPaisaTest" classname="UtilTest" time="0"/>
  <testcase name="fourDigitAmountWithPaisaTest" classname="UtilTest" time="0.001"/>
  <testcase name="sevenDigitAmountWithPaisaTest" classname="UtilTest" time="0"/>
  <testcase name="eighteenDigitAmountWithPaisaTest" classname="UtilTest" time="0.001"/>
  <testcase name="thirteenDigitAmountTest" classname="UtilTest" time="0.001"/>
  <testcase name="elevenDigitAmountWithPaisaTest" classname="UtilTest" time="0"/>
  <testcase name="eighteenDigitAmountTest" classname="UtilTest" time="0.002"/>
  <testcase name="sixDigitAmountTest" classname="UtilTest" time="0.001"/>
  <testcase name="twelveDigitAmountWithPaisaTest" classname="UtilTest" time="0"/>
  <testcase name="singleDigitAmountWithPaisaTest" classname="UtilTest" time="0.004"/>
  <testcase name="singleDigitAmountTest" classname="UtilTest" time="0.003"/>
  <testcase name="twentyDigitAmountTest" classname="UtilTest" time="0.001"/>
  <testcase name="elevenDigitAmountTest" classname="UtilTest" time="0.001"/>
  <testcase name="eightDigitAmountWithPaisaTest" classname="UtilTest" time="0"/>
</testsuite>